<?xml version="1.0" encoding="UTF-8"?>
<testsuite name="DeckTest" tests="1" skipped="0" failures="0" errors="0" timestamp="2015-08-20T19:18:22" hostname="epicodus-106.local" time="0.0">
  <properties/>
  <testcase name="deck_instatiatesCorrectly_true" classname="DeckTest" time="0.0"/>
  <system-out><![CDATA[]]></system-out>
  <system-err><![CDATA[]]></system-err>
</testsuite>
