<?xml version="1.0" encoding="UTF-8"?>
<testsuite name="CardTest" tests="4" skipped="0" failures="0" errors="0" timestamp="2015-08-20T21:26:49" hostname="epicodus-106.local" time="0.002">
  <properties/>
  <testcase name="getValue_returnsACardsSuit_Ace" classname="CardTest" time="0.001"/>
  <testcase name="getSuit_returnsACardsSuit_Spades" classname="CardTest" time="0.0"/>
  <testcase name="name_returnsAFormattedNameForCard_AceOfSpades" classname="CardTest" time="0.0"/>
  <testcase name="card_initializesCorrectly_true" classname="CardTest" time="0.0"/>
  <system-out><![CDATA[]]></system-out>
  <system-err><![CDATA[]]></system-err>
</testsuite>
